#! /usr/local/iverilog/bin/vvp
:ivl_version "11.0 (devel)";
:ivl_delay_selection "TYPICAL";
:vpi_time_precision + 0;
:vpi_module "E:\iverilog\lib\ivl\system.vpi";
:vpi_module "E:\iverilog\lib\ivl\vhdl_sys.vpi";
:vpi_module "E:\iverilog\lib\ivl\vhdl_textio.vpi";
:vpi_module "E:\iverilog\lib\ivl\v2005_math.vpi";
:vpi_module "E:\iverilog\lib\ivl\va_math.vpi";
S_0000000001032b90 .scope module, "s_nandnor" "s_nandnor" 2 1;
 .timescale 0 0;
    .port_info 0 /INPUT 1 "a";
    .port_info 1 /INPUT 1 "b";
    .port_info 2 /OUTPUT 2 "y";
o0000000001067038 .functor BUFZ 1, C4<z>; HiZ drive
o0000000001067068 .functor BUFZ 1, C4<z>; HiZ drive
L_0000000001032f00 .functor NAND 1, o0000000001067038, o0000000001067068, C4<1>, C4<1>;
L_00000000010332c0 .functor NOR 1, o0000000001067038, o0000000001067068, C4<0>, C4<0>;
v0000000001032d20_0 .net *"_ivl_0", 0 0, L_0000000001032f00;  1 drivers
v0000000001032dc0_0 .net *"_ivl_2", 0 0, L_00000000010332c0;  1 drivers
v0000000001032e60_0 .net "a", 0 0, o0000000001067038;  0 drivers
v000000000114d100_0 .net "b", 0 0, o0000000001067068;  0 drivers
v000000000114d1a0_0 .net "y", 1 0, L_000000000114d240;  1 drivers
L_000000000114d240 .concat8 [ 1 1 0 0], L_00000000010332c0, L_0000000001032f00;
# The file index is used to find the file name in the following table.
:file_names 3;
    "N/A";
    "<interactive>";
    "s_nandnor.v";
