#! /usr/local/iverilog/bin/vvp
:ivl_version "11.0 (devel)";
:ivl_delay_selection "TYPICAL";
:vpi_time_precision + 0;
:vpi_module "E:\iverilog\lib\ivl\system.vpi";
:vpi_module "E:\iverilog\lib\ivl\vhdl_sys.vpi";
:vpi_module "E:\iverilog\lib\ivl\vhdl_textio.vpi";
:vpi_module "E:\iverilog\lib\ivl\v2005_math.vpi";
:vpi_module "E:\iverilog\lib\ivl\va_math.vpi";
S_00000000009ce380 .scope module, "JK_ff_tb" "JK_ff_tb" 2 2;
 .timescale 0 0;
v00000000009cabb0_0 .var "clk", 0 0;
v00000000009cac50_0 .var "j", 0 0;
v00000000009cacf0_0 .var "k", 0 0;
v00000000009cad90_0 .net "q", 0 0, v00000000009ca9d0_0;  1 drivers
v00000000009cae30_0 .net "qb", 0 0, v00000000009caa70_0;  1 drivers
v00000000009caed0_0 .var "reset", 0 0;
S_00000000009ce510 .scope module, "flipflop" "jk_flipflop1" 2 8, 3 1 0, S_00000000009ce380;
 .timescale 0 0;
    .port_info 0 /INPUT 1 "j";
    .port_info 1 /INPUT 1 "k";
    .port_info 2 /INPUT 1 "clk";
    .port_info 3 /INPUT 1 "reset";
    .port_info 4 /OUTPUT 1 "q";
    .port_info 5 /OUTPUT 1 "q_bar";
v00000000009ca380_0 .net "clk", 0 0, v00000000009cabb0_0;  1 drivers
v0000000000862ec0_0 .net "j", 0 0, v00000000009cac50_0;  1 drivers
v00000000009ca930_0 .net "k", 0 0, v00000000009cacf0_0;  1 drivers
v00000000009ca9d0_0 .var "q", 0 0;
v00000000009caa70_0 .var "q_bar", 0 0;
v00000000009cab10_0 .net "reset", 0 0, v00000000009caed0_0;  1 drivers
E_00000000008854d0 .event posedge, v00000000009ca380_0;
    .scope S_00000000009ce510;
T_0 ;
    %wait E_00000000008854d0;
    %load/vec4 v00000000009cab10_0;
    %flag_set/vec4 8;
    %jmp/0xz  T_0.0, 8;
    %pushi/vec4 0, 0, 1;
    %store/vec4 v00000000009ca9d0_0, 0, 1;
    %pushi/vec4 1, 0, 1;
    %store/vec4 v00000000009caa70_0, 0, 1;
    %jmp T_0.1;
T_0.0 ;
    %load/vec4 v0000000000862ec0_0;
    %load/vec4 v00000000009ca930_0;
    %concat/vec4; draw_concat_vec4
    %dup/vec4;
    %pushi/vec4 0, 0, 2;
    %cmp/u;
    %jmp/1 T_0.2, 6;
    %dup/vec4;
    %pushi/vec4 1, 0, 2;
    %cmp/u;
    %jmp/1 T_0.3, 6;
    %dup/vec4;
    %pushi/vec4 2, 0, 2;
    %cmp/u;
    %jmp/1 T_0.4, 6;
    %dup/vec4;
    %pushi/vec4 3, 0, 2;
    %cmp/u;
    %jmp/1 T_0.5, 6;
    %jmp T_0.6;
T_0.2 ;
    %load/vec4 v00000000009ca9d0_0;
    %store/vec4 v00000000009ca9d0_0, 0, 1;
    %load/vec4 v00000000009caa70_0;
    %store/vec4 v00000000009caa70_0, 0, 1;
    %jmp T_0.6;
T_0.3 ;
    %pushi/vec4 0, 0, 1;
    %store/vec4 v00000000009ca9d0_0, 0, 1;
    %pushi/vec4 1, 0, 1;
    %store/vec4 v00000000009caa70_0, 0, 1;
    %jmp T_0.6;
T_0.4 ;
    %pushi/vec4 1, 0, 1;
    %store/vec4 v00000000009ca9d0_0, 0, 1;
    %pushi/vec4 0, 0, 1;
    %store/vec4 v00000000009caa70_0, 0, 1;
    %jmp T_0.6;
T_0.5 ;
    %load/vec4 v00000000009ca9d0_0;
    %inv;
    %store/vec4 v00000000009ca9d0_0, 0, 1;
    %load/vec4 v00000000009caa70_0;
    %inv;
    %store/vec4 v00000000009caa70_0, 0, 1;
    %jmp T_0.6;
T_0.6 ;
    %pop/vec4 1;
T_0.1 ;
    %jmp T_0;
    .thread T_0;
    .scope S_00000000009ce380;
T_1 ;
    %vpi_call 2 10 "$dumpfile", "jk.vcd" {0 0 0};
    %vpi_call 2 11 "$dumpvars", 32'sb00000000000000000000000000000000, S_00000000009ce380 {0 0 0};
    %vpi_call 2 12 "$monitor", v00000000009cabb0_0, v00000000009cac50_0, v00000000009cacf0_0, v00000000009cad90_0, v00000000009cae30_0, v00000000009caed0_0 {0 0 0};
    %pushi/vec4 0, 0, 1;
    %store/vec4 v00000000009cac50_0, 0, 1;
    %pushi/vec4 0, 0, 1;
    %store/vec4 v00000000009cacf0_0, 0, 1;
    %pushi/vec4 1, 0, 1;
    %store/vec4 v00000000009caed0_0, 0, 1;
    %pushi/vec4 1, 0, 1;
    %store/vec4 v00000000009cabb0_0, 0, 1;
    %delay 10, 0;
    %pushi/vec4 0, 0, 1;
    %store/vec4 v00000000009caed0_0, 0, 1;
    %pushi/vec4 1, 0, 1;
    %store/vec4 v00000000009cac50_0, 0, 1;
    %pushi/vec4 0, 0, 1;
    %store/vec4 v00000000009cacf0_0, 0, 1;
    %delay 100, 0;
    %pushi/vec4 0, 0, 1;
    %store/vec4 v00000000009caed0_0, 0, 1;
    %pushi/vec4 0, 0, 1;
    %store/vec4 v00000000009cac50_0, 0, 1;
    %pushi/vec4 1, 0, 1;
    %store/vec4 v00000000009cacf0_0, 0, 1;
    %delay 100, 0;
    %pushi/vec4 0, 0, 1;
    %store/vec4 v00000000009caed0_0, 0, 1;
    %pushi/vec4 1, 0, 1;
    %store/vec4 v00000000009cac50_0, 0, 1;
    %pushi/vec4 1, 0, 1;
    %store/vec4 v00000000009cacf0_0, 0, 1;
    %delay 100, 0;
    %pushi/vec4 0, 0, 1;
    %store/vec4 v00000000009caed0_0, 0, 1;
    %pushi/vec4 0, 0, 1;
    %store/vec4 v00000000009cac50_0, 0, 1;
    %pushi/vec4 0, 0, 1;
    %store/vec4 v00000000009cacf0_0, 0, 1;
    %delay 100, 0;
    %pushi/vec4 1, 0, 1;
    %store/vec4 v00000000009caed0_0, 0, 1;
    %vpi_call 2 34 "$finish" {0 0 0};
    %end;
    .thread T_1;
# The file index is used to find the file name in the following table.
:file_names 4;
    "N/A";
    "<interactive>";
    "JK_ff_tb.v";
    "./jk_flipflop1.v";
