#! /usr/local/iverilog/bin/vvp
:ivl_version "11.0 (devel)";
:ivl_delay_selection "TYPICAL";
:vpi_time_precision + 0;
:vpi_module "E:\iverilog\lib\ivl\system.vpi";
:vpi_module "E:\iverilog\lib\ivl\vhdl_sys.vpi";
:vpi_module "E:\iverilog\lib\ivl\vhdl_textio.vpi";
:vpi_module "E:\iverilog\lib\ivl\v2005_math.vpi";
:vpi_module "E:\iverilog\lib\ivl\va_math.vpi";
S_0000000001052bd0 .scope module, "test_dec" "test_dec" 2 2;
 .timescale 0 0;
v0000000001084810_0 .var "Din", 1 0;
v00000000010848b0_0 .net "Do", 3 0, v000000000123b2e0_0;  1 drivers
v0000000001084950_0 .var "En", 0 0;
S_0000000001052d60 .scope module, "udue" "decoder" 2 6, 3 1 0, S_0000000001052bd0;
 .timescale 0 0;
    .port_info 0 /OUTPUT 4 "Do";
    .port_info 1 /INPUT 2 "Din";
    .port_info 2 /INPUT 1 "En";
v0000000001052ef0_0 .net "Din", 1 0, v0000000001084810_0;  1 drivers
v000000000123b2e0_0 .var "Do", 3 0;
v000000000123b380_0 .net "En", 0 0, v0000000001084950_0;  1 drivers
E_000000000123bc50 .event edge, v0000000001052ef0_0, v000000000123b380_0;
    .scope S_0000000001052d60;
T_0 ;
    %wait E_000000000123bc50;
    %load/vec4 v000000000123b380_0;
    %flag_set/vec4 8;
    %jmp/0xz  T_0.0, 8;
    %load/vec4 v0000000001052ef0_0;
    %dup/vec4;
    %pushi/vec4 0, 0, 2;
    %cmp/u;
    %jmp/1 T_0.2, 6;
    %dup/vec4;
    %pushi/vec4 1, 0, 2;
    %cmp/u;
    %jmp/1 T_0.3, 6;
    %dup/vec4;
    %pushi/vec4 2, 0, 2;
    %cmp/u;
    %jmp/1 T_0.4, 6;
    %dup/vec4;
    %pushi/vec4 3, 0, 2;
    %cmp/u;
    %jmp/1 T_0.5, 6;
    %pushi/vec4 0, 15, 4;
    %store/vec4 v000000000123b2e0_0, 0, 4;
    %jmp T_0.7;
T_0.2 ;
    %pushi/vec4 1, 0, 4;
    %store/vec4 v000000000123b2e0_0, 0, 4;
    %jmp T_0.7;
T_0.3 ;
    %pushi/vec4 2, 0, 4;
    %store/vec4 v000000000123b2e0_0, 0, 4;
    %jmp T_0.7;
T_0.4 ;
    %pushi/vec4 4, 0, 4;
    %store/vec4 v000000000123b2e0_0, 0, 4;
    %jmp T_0.7;
T_0.5 ;
    %pushi/vec4 8, 0, 4;
    %store/vec4 v000000000123b2e0_0, 0, 4;
    %jmp T_0.7;
T_0.7 ;
    %pop/vec4 1;
T_0.0 ;
    %jmp T_0;
    .thread T_0, $push;
    .scope S_0000000001052bd0;
T_1 ;
    %vpi_call 2 8 "$dumpfile", "decoder.vcd" {0 0 0};
    %vpi_call 2 9 "$dumpvars", 32'sb00000000000000000000000000000000, S_0000000001052bd0 {0 0 0};
    %pushi/vec4 1, 0, 1;
    %store/vec4 v0000000001084950_0, 0, 1;
    %pushi/vec4 0, 0, 2;
    %store/vec4 v0000000001084810_0, 0, 2;
    %delay 100, 0;
    %pushi/vec4 1, 0, 2;
    %store/vec4 v0000000001084810_0, 0, 2;
    %delay 100, 0;
    %pushi/vec4 2, 0, 2;
    %store/vec4 v0000000001084810_0, 0, 2;
    %delay 100, 0;
    %pushi/vec4 3, 0, 2;
    %store/vec4 v0000000001084810_0, 0, 2;
    %delay 100, 0;
    %end;
    .thread T_1;
# The file index is used to find the file name in the following table.
:file_names 4;
    "N/A";
    "<interactive>";
    "test_dec.v";
    "./decoder.v";
