#! /usr/local/iverilog/bin/vvp
:ivl_version "11.0 (devel)";
:ivl_delay_selection "TYPICAL";
:vpi_time_precision + 0;
:vpi_module "E:\iverilog\lib\ivl\system.vpi";
:vpi_module "E:\iverilog\lib\ivl\vhdl_sys.vpi";
:vpi_module "E:\iverilog\lib\ivl\vhdl_textio.vpi";
:vpi_module "E:\iverilog\lib\ivl\v2005_math.vpi";
:vpi_module "E:\iverilog\lib\ivl\va_math.vpi";
S_00000000010464c0 .scope module, "tb_andornot" "tb_andornot" 2 2;
 .timescale 0 0;
v0000000000ffab00_0 .var "a", 0 0;
v0000000000ffaba0_0 .var "b", 0 0;
v0000000000ffac40_0 .net "y", 2 0, L_0000000000fface0;  1 drivers
S_0000000001046650 .scope module, "ob" "s_andornot" 2 5, 3 1 0, S_00000000010464c0;
 .timescale 0 0;
    .port_info 0 /INPUT 1 "a";
    .port_info 1 /INPUT 1 "b";
    .port_info 2 /OUTPUT 3 "y";
L_0000000001013300 .functor AND 1, v0000000000ffab00_0, v0000000000ffaba0_0, C4<1>, C4<1>;
L_0000000001045220 .functor OR 1, v0000000000ffab00_0, v0000000000ffaba0_0, C4<0>, C4<0>;
L_0000000000ffad80 .functor NOT 1, v0000000000ffab00_0, C4<0>, C4<0>, C4<0>;
v0000000000ff7550_0 .net *"_ivl_0", 0 0, L_0000000001013300;  1 drivers
v0000000001012ec0_0 .net *"_ivl_2", 0 0, L_0000000001045220;  1 drivers
v00000000010467e0_0 .net *"_ivl_4", 0 0, L_0000000000ffad80;  1 drivers
v0000000001046880_0 .net "a", 0 0, v0000000000ffab00_0;  1 drivers
v0000000000ffa9c0_0 .net "b", 0 0, v0000000000ffaba0_0;  1 drivers
v0000000000ffaa60_0 .net "y", 2 0, L_0000000000fface0;  alias, 1 drivers
L_0000000000fface0 .concat8 [ 1 1 1 0], L_0000000000ffad80, L_0000000001045220, L_0000000001013300;
    .scope S_00000000010464c0;
T_0 ;
    %vpi_call 2 8 "$dumpfile", "test.vcd" {0 0 0};
    %vpi_call 2 9 "$dumpvars", 32'sb00000000000000000000000000000000, S_00000000010464c0 {0 0 0};
    %pushi/vec4 0, 0, 1;
    %store/vec4 v0000000000ffab00_0, 0, 1;
    %pushi/vec4 0, 0, 1;
    %store/vec4 v0000000000ffaba0_0, 0, 1;
    %delay 20, 0;
    %pushi/vec4 0, 0, 1;
    %store/vec4 v0000000000ffab00_0, 0, 1;
    %pushi/vec4 1, 0, 1;
    %store/vec4 v0000000000ffaba0_0, 0, 1;
    %delay 20, 0;
    %pushi/vec4 1, 0, 1;
    %store/vec4 v0000000000ffab00_0, 0, 1;
    %pushi/vec4 0, 0, 1;
    %store/vec4 v0000000000ffaba0_0, 0, 1;
    %delay 20, 0;
    %pushi/vec4 1, 0, 1;
    %store/vec4 v0000000000ffab00_0, 0, 1;
    %pushi/vec4 1, 0, 1;
    %store/vec4 v0000000000ffaba0_0, 0, 1;
    %delay 20, 0;
    %vpi_call 2 20 "$finish" {0 0 0};
    %end;
    .thread T_0;
# The file index is used to find the file name in the following table.
:file_names 4;
    "N/A";
    "<interactive>";
    "tb_andornot.v";
    "./s_andornot.v";
