#! /usr/local/iverilog/bin/vvp
:ivl_version "11.0 (devel)";
:ivl_delay_selection "TYPICAL";
:vpi_time_precision + 0;
:vpi_module "E:\iverilog\lib\ivl\system.vpi";
:vpi_module "E:\iverilog\lib\ivl\vhdl_sys.vpi";
:vpi_module "E:\iverilog\lib\ivl\vhdl_textio.vpi";
:vpi_module "E:\iverilog\lib\ivl\v2005_math.vpi";
:vpi_module "E:\iverilog\lib\ivl\va_math.vpi";
S_0000000000b66420 .scope module, "testmod" "testmod" 2 2;
 .timescale 0 0;
v0000000000cfa170_0 .var "c", 0 0;
v0000000000cfa210_0 .net "ct", 2 0, v0000000000cfa030_0;  1 drivers
v0000000000cfa2b0_0 .var "r", 0 0;
S_0000000000b665b0 .scope module, "countbeh" "counter2" 2 5, 3 1 0, S_0000000000b66420;
 .timescale 0 0;
    .port_info 0 /OUTPUT 3 "count";
    .port_info 1 /INPUT 1 "rst";
    .port_info 2 /INPUT 1 "clk";
v0000000000b32ac0_0 .net "clk", 0 0, v0000000000cfa170_0;  1 drivers
v0000000000cfa030_0 .var "count", 2 0;
v0000000000cfa0d0_0 .net "rst", 0 0, v0000000000cfa2b0_0;  1 drivers
E_0000000000cfb3c0 .event posedge, v0000000000b32ac0_0;
    .scope S_0000000000b665b0;
T_0 ;
    %wait E_0000000000cfb3c0;
    %load/vec4 v0000000000cfa0d0_0;
    %flag_set/vec4 8;
    %jmp/0xz  T_0.0, 8;
    %pushi/vec4 0, 0, 3;
    %assign/vec4 v0000000000cfa030_0, 0;
    %jmp T_0.1;
T_0.0 ;
    %load/vec4 v0000000000cfa030_0;
    %addi 1, 0, 3;
    %assign/vec4 v0000000000cfa030_0, 0;
T_0.1 ;
    %jmp T_0;
    .thread T_0;
    .scope S_0000000000b66420;
T_1 ;
    %vpi_call 2 8 "$dumpfile", "count.vcd" {0 0 0};
    %vpi_call 2 9 "$dumpvars", 32'sb00000000000000000000000000000000, S_0000000000b66420 {0 0 0};
    %pushi/vec4 1, 0, 1;
    %store/vec4 v0000000000cfa2b0_0, 0, 1;
    %pushi/vec4 0, 0, 1;
    %store/vec4 v0000000000cfa170_0, 0, 1;
    %delay 100, 0;
    %pushi/vec4 0, 0, 1;
    %store/vec4 v0000000000cfa2b0_0, 0, 1;
    %delay 200, 0;
    %vpi_call 2 13 "$finish" {0 0 0};
    %end;
    .thread T_1;
    .scope S_0000000000b66420;
T_2 ;
    %delay 5, 0;
    %load/vec4 v0000000000cfa170_0;
    %inv;
    %store/vec4 v0000000000cfa170_0, 0, 1;
    %jmp T_2;
    .thread T_2;
# The file index is used to find the file name in the following table.
:file_names 4;
    "N/A";
    "<interactive>";
    "testmod.v";
    "./counter2.v";
