#! /usr/local/iverilog/bin/vvp
:ivl_version "11.0 (devel)";
:ivl_delay_selection "TYPICAL";
:vpi_time_precision + 0;
:vpi_module "E:\iverilog\lib\ivl\system.vpi";
:vpi_module "E:\iverilog\lib\ivl\vhdl_sys.vpi";
:vpi_module "E:\iverilog\lib\ivl\vhdl_textio.vpi";
:vpi_module "E:\iverilog\lib\ivl\v2005_math.vpi";
:vpi_module "E:\iverilog\lib\ivl\va_math.vpi";
S_0000000000f661e0 .scope module, "test_fa" "test_fa" 2 2;
 .timescale 0 0;
v0000000000faaa70_0 .var "a", 0 0;
v0000000000faad90_0 .var "b", 0 0;
v0000000000faae30_0 .var "cin", 0 0;
v0000000000faa570_0 .net "cout", 0 0, L_0000000000fab470;  1 drivers
v0000000000faa930_0 .net "s", 0 0, L_0000000000f33420;  1 drivers
S_0000000000f66370 .scope module, "f1" "fulladd" 2 5, 3 1 0, S_0000000000f661e0;
 .timescale 0 0;
    .port_info 0 /INPUT 1 "a";
    .port_info 1 /INPUT 1 "b";
    .port_info 2 /INPUT 1 "cin";
    .port_info 3 /OUTPUT 1 "s";
    .port_info 4 /OUTPUT 1 "cout";
L_00000000010f8a10 .functor XOR 1, v0000000000faaa70_0, v0000000000faad90_0, C4<0>, C4<0>;
L_0000000000f33420 .functor XOR 1, L_00000000010f8a10, v0000000000faae30_0, C4<0>, C4<0>;
L_0000000000f65070 .functor AND 1, v0000000000faaa70_0, v0000000000faad90_0, C4<1>, C4<1>;
L_0000000000f651d0 .functor XOR 1, v0000000000faaa70_0, v0000000000faad90_0, C4<0>, C4<0>;
L_00000000010fac70 .functor AND 1, L_0000000000f651d0, v0000000000faae30_0, C4<1>, C4<1>;
L_0000000000fab470 .functor OR 1, L_0000000000f65070, L_00000000010fac70, C4<0>, C4<0>;
v00000000010f8ba0_0 .net *"_ivl_0", 0 0, L_00000000010f8a10;  1 drivers
v0000000000f32ec0_0 .net *"_ivl_4", 0 0, L_0000000000f65070;  1 drivers
v00000000010f8970_0 .net *"_ivl_6", 0 0, L_0000000000f651d0;  1 drivers
v0000000000f66500_0 .net *"_ivl_8", 0 0, L_00000000010fac70;  1 drivers
v0000000000f665a0_0 .net "a", 0 0, v0000000000faaa70_0;  1 drivers
v00000000010fa9f0_0 .net "b", 0 0, v0000000000faad90_0;  1 drivers
v00000000010faa90_0 .net "cin", 0 0, v0000000000faae30_0;  1 drivers
v00000000010fab30_0 .net "cout", 0 0, L_0000000000fab470;  alias, 1 drivers
v00000000010fabd0_0 .net "s", 0 0, L_0000000000f33420;  alias, 1 drivers
    .scope S_0000000000f661e0;
T_0 ;
    %vpi_call 2 8 "$dumpfile", "fa.vcd" {0 0 0};
    %vpi_call 2 9 "$dumpvars", 32'sb00000000000000000000000000000000, S_0000000000f661e0 {0 0 0};
    %pushi/vec4 1, 0, 1;
    %store/vec4 v0000000000faaa70_0, 0, 1;
    %pushi/vec4 0, 0, 1;
    %store/vec4 v0000000000faad90_0, 0, 1;
    %pushi/vec4 1, 0, 1;
    %store/vec4 v0000000000faae30_0, 0, 1;
    %delay 5, 0;
    %pushi/vec4 0, 0, 1;
    %store/vec4 v0000000000faaa70_0, 0, 1;
    %pushi/vec4 1, 0, 1;
    %store/vec4 v0000000000faad90_0, 0, 1;
    %pushi/vec4 0, 0, 1;
    %store/vec4 v0000000000faae30_0, 0, 1;
    %delay 5, 0;
    %pushi/vec4 1, 0, 1;
    %store/vec4 v0000000000faaa70_0, 0, 1;
    %pushi/vec4 1, 0, 1;
    %store/vec4 v0000000000faad90_0, 0, 1;
    %pushi/vec4 0, 0, 1;
    %store/vec4 v0000000000faae30_0, 0, 1;
    %delay 100, 0;
    %vpi_call 2 15 "$finish" {0 0 0};
    %end;
    .thread T_0;
# The file index is used to find the file name in the following table.
:file_names 4;
    "N/A";
    "<interactive>";
    "test_fa.v";
    "./fulladd.v";
