#! /usr/local/iverilog/bin/vvp
:ivl_version "11.0 (devel)";
:ivl_delay_selection "TYPICAL";
:vpi_time_precision + 0;
:vpi_module "E:\iverilog\lib\ivl\system.vpi";
:vpi_module "E:\iverilog\lib\ivl\vhdl_sys.vpi";
:vpi_module "E:\iverilog\lib\ivl\vhdl_textio.vpi";
:vpi_module "E:\iverilog\lib\ivl\v2005_math.vpi";
:vpi_module "E:\iverilog\lib\ivl\va_math.vpi";
S_0000000000862b90 .scope module, "mux4to1" "mux4to1" 2 1;
 .timescale 0 0;
    .port_info 0 /INPUT 1 "a";
    .port_info 1 /INPUT 1 "b";
    .port_info 2 /INPUT 1 "c";
    .port_info 3 /INPUT 1 "d";
    .port_info 4 /INPUT 1 "sel1";
    .port_info 5 /INPUT 1 "sel2";
    .port_info 6 /OUTPUT 1 "y";
o0000000000897048 .functor BUFZ 1, C4<z>; HiZ drive
L_00000000012baf60 .functor AND 1, o0000000000897048, L_00000000008dd310, L_00000000008dd380, C4<1>;
o00000000008971c8 .functor BUFZ 1, C4<z>; HiZ drive
L_00000000008dd310 .functor NOT 1, o00000000008971c8, C4<0>, C4<0>, C4<0>;
o00000000008971f8 .functor BUFZ 1, C4<z>; HiZ drive
L_00000000008dd380 .functor NOT 1, o00000000008971f8, C4<0>, C4<0>, C4<0>;
o0000000000897138 .functor BUFZ 1, C4<z>; HiZ drive
L_00000000008dd3f0 .functor AND 1, o0000000000897138, L_00000000008dd460, o00000000008971f8, C4<1>;
L_00000000008dd460 .functor NOT 1, o00000000008971c8, C4<0>, C4<0>, C4<0>;
o0000000000897168 .functor BUFZ 1, C4<z>; HiZ drive
L_00000000008dd4d0 .functor AND 1, o0000000000897168, o00000000008971c8, L_00000000008dd540, C4<1>;
L_00000000008dd540 .functor NOT 1, o00000000008971f8, C4<0>, C4<0>, C4<0>;
o0000000000897198 .functor BUFZ 1, C4<z>; HiZ drive
L_00000000008dd5b0 .functor AND 1, o0000000000897198, o00000000008971c8, o00000000008971f8, C4<1>;
L_00000000008dd740 .functor OR 1, L_00000000012baf60, L_00000000008dd3f0, L_00000000008dd4d0, L_00000000008dd5b0;
v0000000000862d20_0 .net *"_ivl_0", 0 0, L_00000000008dd310;  1 drivers
v00000000012baec0_0 .net *"_ivl_2", 0 0, L_00000000008dd380;  1 drivers
v0000000000862dc0_0 .net *"_ivl_4", 0 0, L_00000000008dd460;  1 drivers
v0000000000862e60_0 .net *"_ivl_6", 0 0, L_00000000008dd540;  1 drivers
v00000000008dbff0_0 .net "a", 0 0, o0000000000897048;  0 drivers
v00000000008dc090_0 .net "and1", 0 0, L_00000000012baf60;  1 drivers
v00000000008dc130_0 .net "and2", 0 0, L_00000000008dd3f0;  1 drivers
v00000000008dc1d0_0 .net "and3", 0 0, L_00000000008dd4d0;  1 drivers
v00000000008dc360_0 .net "and4", 0 0, L_00000000008dd5b0;  1 drivers
v00000000008dcae0_0 .net "b", 0 0, o0000000000897138;  0 drivers
v00000000008dc400_0 .net "c", 0 0, o0000000000897168;  0 drivers
v00000000008dd1c0_0 .net "d", 0 0, o0000000000897198;  0 drivers
v00000000008dcb80_0 .net "sel1", 0 0, o00000000008971c8;  0 drivers
v00000000008dcfe0_0 .net "sel2", 0 0, o00000000008971f8;  0 drivers
v00000000008dcc20_0 .net "y", 0 0, L_00000000008dd740;  1 drivers
# The file index is used to find the file name in the following table.
:file_names 3;
    "N/A";
    "<interactive>";
    "mux4to1.v";
